    
 ==============================================
 ==========*********************===============
 ==========***    Bhldem     ***===============
 ==========*********************===============
 ==============================================
    


 ===========================================================================
 =                                                                         =
 =               BBB   B  B  B    B   B  B    B  B                         =
 =               B  B  B  B  B    B   B  BB  BB  B                         =
 =               BBB   BBBB  B    B   B  B BB B  B                         =
 =               B  B  B  B  B    B   B  B    B  B                         =
 =               BBB   B  B  BBBB  BBB   B    B  B                         =
 =                                                                         =
 =               *********************************                         =
 =               *   BHLUMI version 4.04         *                         =
 =               *   June           1991  (2.01) *                         =
 =               *   Sept           1992  (2.02) *                         =
 =               *   January        1995  (4.00) *                         =
 =               *   Febuary        1995  (4.01) *                         =
 =               *   May            1995  (4.02) *                         =
 =               *   July           1995  (4.02a)*                         =
 =               *   June           1996  (4.03) *                         =
 =               *   September      1996  (4.04) *                         =
 =               *         AUTHORS               *                         =
 =               * S. Jadach,      W. Placzek,   *                         =
 =               * E. Richter-Was, B.F.L. Ward,  *                         =
 =               *        and Z. Was             *                         =
 =               *********************************                         =
 ===========================================================================



 ===========================================================================
 =                This program is based on papers                          =
 =                --------------------------------                         =
 =                Phys. Lett. B353 (1995) 362                              =
 =                Phys. Lett. B353 (1995) 349                              =
 =                Comp. Phys. Comm. 70 (1992) 305                          =
 =                Phys. Lett. B268 (1991) 253                              =
 =                Phys. Rev.  D40  (1989) 3582.                            =
 =                Phys. Lett. B260 (1991) 438,                             =
 =                Phys. Lett. B253 (1991) 469,                             =
 =                Nucl. Phys. B228 (1983) 537.                             =
 ===========================================================================



 ===========================================================================
 =               *********************************                         =
 =                 BHLUM4: INPUT PARAMETRES                                =
 =               *********************************                         =
 =             3001                  OPTIONS   switch        KeyOpt        =
 =                1                  rand. numb. switch      KeyRnd        =
 =                0                  weighting switch        KeyWgt        =
 =                0                  photon removal  sw      KeyRem        =
 =             1022                  RADIATION switch        KeyRad        =
 =                2                  vac_pol   switch        KeyPia        =
 =                2                  QED mat. elm. type      KeyMod        =
 =                0                  Test switch, def=0      KeyUpd        =
 =                1                  Z contribution          KeyZet        =
 =      92.30000000                  CMS energy  [GeV]       CMSENE        =
 =    8519.2900                      CMSENE^2  [GeV^2]       SVAR          =
 =   0.60110696                      trasf_min [GeV^2]       TRMIN         =
 =    28.626770                      trasf_max [GeV^2]       TRMAX         =
 =   0.70558340E-04                  xi_min=TRMIN/SVAR       XIMIN         =
 =   0.33602295E-02                  xi_max=TRMAX/SVAR       XIMAX         =
 =      16.80000000                  theta_min  [mrad]       THMIN         =
 =     116.00000000                  theta_max  [mrad]       THMAX         =
 =       0.96256910                  theta_min   [deg]       THMIN         =
 =       6.64631042                  theta_max   [deg]       THMAX         =
 =   0.10000000E-03                  eps_CM infr. cut        EPSCM         =
 =   0.10000000E-05                  delta  infr. cut        DEL           =
 =      -0.01480534                  RePi(transf_min)        REPI1         =
 =       0.00006655                  error                   dREPI1        =
 =      -0.02999273                  RePi(transf_max)        REPI2         =
 =       0.00039879                  error                   dREPI2        =
 =      91.18700000                  Z-mass GeV              AMAZ          =
 =       2.49000000                  Z-width GeV             GAMMZ         =
 =       0.23190000                  weak mixing angle       SINW2         =
 ===========================================================================

 =====================DUMPS====================
  P2   -0.9609181940494  -0.6160149114072  46.1358664389564  46.1499838621984
  Q2    0.9545403944187   0.6104560314024 -45.5574498144363  45.5715375841869
 PHO    0.0063560979334   0.0055449682609  -0.5773812076829   0.5774428159041
 SUM   -0.0000217016973  -0.0000139117439   0.0010354168372  92.2989642622895
 =====================DUMPS====================
  P2   -2.4418242325506   0.2723107119134  44.6086703983944  44.6762815561043
  Q2    1.6178305345983  -0.2364783177992  -8.9404046993193   9.0886816470983
 PHO    0.9030588479010  -0.0447881482344 -37.0950338729553  37.1060515185421
 PHO   -0.0790651499487   0.0089557541202   1.4267681738787   1.4289852782521
 SUM    0.0000000000000  -0.0000000000000  -0.0000000000016  92.2999999999968
 =====================DUMPS====================
  P2   -0.0129875340879  -0.8317405695647  46.0867405163538  46.0942470676553
  Q2    0.0130324175520   0.8314305741683 -46.1388420951031  46.1463345974699
 PHO   -0.0000566197983   0.0002414399873   0.0557593456378   0.0557598971038
 SUM   -0.0000117363342  -0.0000685554090   0.0036577668886  92.2963415622291
 =====================DUMPS====================
  P2   -0.9083292882332  -0.9862115935446  46.1305163415870  46.1499968971370
  Q2    0.9081306013081   0.9859928842136 -46.1056921324685  46.1251745842978
 PHO   -0.0000027766703   0.0000006876038  -0.0146014691137   0.0146014693939
 PHO    0.0002014635954   0.0002180217271  -0.0102227400011   0.0102270491436
 SUM   -0.0000000000000  -0.0000000000000   0.0000000000036  92.2999999999722
 =====================DUMPS====================
  P2    0.4746473996194   0.6810662454498  25.2185012547013  25.2321609692720
  Q2   -0.4758230037785  -0.6814076872925 -46.1380646712303  46.1455494694243
 PHO    0.0011860451397   0.0003503077060  20.9208442693057  20.9208443058582
 SUM    0.0000104409806   0.0000088658634   0.0012808527767  92.2985547445544
1
   9001           bhlum4, weight distribution                                                    
           nent            sum           bmin           bmax
         290817    0.30039E+06    0.00000E+00    0.65321E+05
           undf           ovef           avex
    0.00000E+00    0.10000E+01    0.10329E+01
 -1.0000   0.000000D+00 0                                                                 I
 -0.8000   0.000000D+00 0                                                                 I
 -0.6000   0.000000D+00 0                                                                 I
 -0.4000   0.200000D+01 0                                                                 I
 -0.2000   0.119000D+03 0                                                                 I
 -0.0000   0.599550D+05 0XXXXXXXXXXXXXXXXXXXXXXXXXXXXXXXXXXXXXXXXXXXXXXXXXXXXXXXXXXXX     I
  0.2000   0.120290D+05 0XXXXXXXXXXXX                                                     I
  0.4000   0.108490D+05 0XXXXXXXXXX                                                       I
  0.6000   0.138010D+05 0XXXXXXXXXXXXX                                                    I
  0.8000   0.170260D+05 0XXXXXXXXXXXXXXXXX                                                I
  1.0000   0.187540D+05 0XXXXXXXXXXXXXXXXXX                                               I
  1.2000   0.290290D+05 0XXXXXXXXXXXXXXXXXXXXXXXXXXXXX                                    I
  1.4000   0.639040D+05 0XXXXXXXXXXXXXXXXXXXXXXXXXXXXXXXXXXXXXXXXXXXXXXXXXXXXXXXXXXXXXXXX I
  1.6000   0.653210D+05 0XXXXXXXXXXXXXXXXXXXXXXXXXXXXXXXXXXXXXXXXXXXXXXXXXXXXXXXXXXXXXXXXXX
  1.8000   0.140000D+02 0                                                                 I
  2.0000   0.900000D+01 0                                                                 I
  2.2000   0.100000D+01 0                                                                 I
  2.4000   0.000000D+00 0                                                                 I
  2.6000   0.000000D+00 0                                                                 I
  2.8000   0.100000D+01 0                                                                 I
  3.0000   0.100000D+01 0                                                                 I
  3.2000   0.000000D+00 0                                                                 I
  3.4000   0.100000D+01 0                                                                 I
  3.6000   0.000000D+00 0                                                                 I
  3.8000   0.000000D+00 0                                                                 I
  4.0000   0.000000D+00 0                                                                 I
  4.2000   0.000000D+00 0                                                                 I
  4.4000   0.000000D+00 0                                                                 I
  4.6000   0.000000D+00 0                                                                 I
  4.8000   0.000000D+00 0                                                                 I
  5.0000   0.000000D+00 0                                                                 I
  5.2000   0.000000D+00 0                                                                 I
  5.4000   0.000000D+00 0                                                                 I
  5.6000   0.000000D+00 0                                                                 I
  5.8000   0.000000D+00 0                                                                 I
  6.0000   0.000000D+00 0                                                                 I
  6.2000   0.000000D+00 0                                                                 I
  6.4000   0.000000D+00 0                                                                 I
  6.6000   0.000000D+00 0                                                                 I
  6.8000   0.000000D+00 0                                                                 I


 ===========================================================================
 =               *********************************                         =
 =                 BHLUM4:        WINDOW A                                 =
 =               *********************************                         =
 =           100000                  Accepted total          NEVGEN     A1 =
 =           290817                  Raw prior reject.       IEVENT     A2 =
 =    438.34090      +- 0.49338970   Xsec M.C. [nb]          XSECMC     A3 =
 =       0.00112558                  relat. error            ERELMC     A4 =
 =       1.03290582  +- 0.00112558   weight  M.C.            AWT        A5 =
 =              121                  WT<0                    NEVNEG     A6 =
 =                3                  WT>WTMAX                NEVOVE     A7 =
 =       3.00000000                  Maximum WT              WWMX       A8 =
 ===========================================================================



 ===========================================================================
 =               *********************************                         =
 =                 BHLUM4:        WINDOW B                                 =
 =               *********************************                         =
 =       0.60977300  +- 0.00103037  WT1*WT2*T/TP*T/TQ                   B1 =
 =       0.99995125  +- 0.00001303  WT3 from KINO4                      B2 =
 =       1.73758801  +- 0.00021375  YFS formfac              WT         B4 =
 =       1.03290582  +- 0.00112558  TOTAL                               B5 =
 =       0.00002771  +- 0.00002582  xsec/xtot: WT>WTMAX      WT         B6 =
 =      -0.00000313  +--0.00000126  xsec/xtot: WT<0          WT         B7 =
 ===========================================================================



 ===========================================================================
 =               *********************************                         =
 =                           WINDOW C                                      =
 =               Built-in average control weights.                         =
 =               Should equal one +- statist. err.                         =
 =               *********************************                         =
 =       1.00153607  +- 0.00129753  <WCTA1>                             C1 =
 =       0.99979999  +- 0.00130102  <WCTA2>                             C2 =
 =       1.00180566  +- 0.00204721  <WCTA1*WCTA2>                       C3 =
 =       1.00055123  +- 0.00048902  <WCTB1>                             C4 =
 =       1.00043689  +- 0.00048958  <WCTB2>                             C5 =
 =       1.00087433  +- 0.00070501  <WCTB1*WCTB2>                       C6 =
 ===========================================================================

1
   1000          Theta distribution (radians)                                                    
           nent            sum           bmin           bmax
         200000    0.13180E+04    0.14750E+03    0.18950E+04
           undf           ovef           avex
    0.00000E+00    0.00000E+00    0.65902E-02
  0.0240   0.189500D+04 XXXXXXXXXXXXXXXXXXXXXXXXXXXXXXXXXXXXXXXXXXXXXXXXXXXXXXXXXXXXXXXXXXI
  0.0246   0.188700D+04 XXXXXXXXXXXXXXXXXXXXXXXXXXXXXXXXXXXXXXXXXXXXXXXXXXXXXXXXXXXXXXXXXXI
  0.0251   0.176100D+04 XXXXXXXXXXXXXXXXXXXXXXXXXXXXXXXXXXXXXXXXXXXXXXXXXXXXXXXXXXXXX     I
  0.0257   0.163700D+04 XXXXXXXXXXXXXXXXXXXXXXXXXXXXXXXXXXXXXXXXXXXXXXXXXXXXXXXXX         I
  0.0263   0.165650D+04 XXXXXXXXXXXXXXXXXXXXXXXXXXXXXXXXXXXXXXXXXXXXXXXXXXXXXXXXX         I
  0.0268   0.148750D+04 XXXXXXXXXXXXXXXXXXXXXXXXXXXXXXXXXXXXXXXXXXXXXXXXXXX               I
  0.0274   0.139750D+04 XXXXXXXXXXXXXXXXXXXXXXXXXXXXXXXXXXXXXXXXXXXXXXXX                  I
  0.0280   0.132600D+04 XXXXXXXXXXXXXXXXXXXXXXXXXXXXXXXXXXXXXXXXXXXXX                     I
  0.0285   0.125300D+04 XXXXXXXXXXXXXXXXXXXXXXXXXXXXXXXXXXXXXXXXXX                        I
  0.0291   0.116300D+04 XXXXXXXXXXXXXXXXXXXXXXXXXXXXXXXXXXXXXXX                           I
  0.0297   0.110350D+04 XXXXXXXXXXXXXXXXXXXXXXXXXXXXXXXXXXXXX                             I
  0.0302   0.103400D+04 XXXXXXXXXXXXXXXXXXXXXXXXXXXXXXXXXX                                I
  0.0308   0.104100D+04 XXXXXXXXXXXXXXXXXXXXXXXXXXXXXXXXXX                                I
  0.0314   0.100750D+04 XXXXXXXXXXXXXXXXXXXXXXXXXXXXXXXXX                                 I
  0.0319   0.927500D+03 XXXXXXXXXXXXXXXXXXXXXXXXXXXXXX                                    I
  0.0325   0.902000D+03 XXXXXXXXXXXXXXXXXXXXXXXXXXXXX                                     I
  0.0331   0.865500D+03 XXXXXXXXXXXXXXXXXXXXXXXXXXXX                                      I
  0.0336   0.807000D+03 XXXXXXXXXXXXXXXXXXXXXXXXX                                         I
  0.0342   0.775000D+03 XXXXXXXXXXXXXXXXXXXXXXXX                                          I
  0.0348   0.781500D+03 XXXXXXXXXXXXXXXXXXXXXXXX                                          I
  0.0353   0.689000D+03 XXXXXXXXXXXXXXXXXXXXX                                             I
  0.0359   0.636000D+03 XXXXXXXXXXXXXXXXXXX                                               I
  0.0365   0.644000D+03 XXXXXXXXXXXXXXXXXXX                                               I
  0.0370   0.612500D+03 XXXXXXXXXXXXXXXXXX                                                I
  0.0376   0.605500D+03 XXXXXXXXXXXXXXXXXX                                                I
  0.0382   0.577500D+03 XXXXXXXXXXXXXXXXX                                                 I
  0.0387   0.510500D+03 XXXXXXXXXXXXXX                                                    I
  0.0393   0.512000D+03 XXXXXXXXXXXXXX                                                    I
  0.0399   0.480500D+03 XXXXXXXXXXXXX                                                     I
  0.0404   0.487500D+03 XXXXXXXXXXXXX                                                     I
  0.0410   0.455000D+03 XXXXXXXXXXXX                                                      I
  0.0416   0.424500D+03 XXXXXXXXXXX                                                       I
  0.0421   0.433500D+03 XXXXXXXXXXX                                                       I
  0.0427   0.407000D+03 XXXXXXXXXX                                                        I
  0.0433   0.377000D+03 XXXXXXXXX                                                         I
  0.0438   0.361500D+03 XXXXXXXXX                                                         I
  0.0444   0.333000D+03 XXXXXXXX                                                          I
  0.0450   0.323000D+03 XXXXXXX                                                           I
  0.0455   0.333000D+03 XXXXXXXX                                                          I
  0.0461   0.296500D+03 XXXXXX                                                            I
  0.0467   0.287000D+03 XXXXXX                                                            I
  0.0472   0.322000D+03 XXXXXXX                                                           I
  0.0478   0.278500D+03 XXXXX                                                             I
  0.0484   0.269000D+03 XXXXX                                                             I
  0.0489   0.282000D+03 XXXXXX                                                            I
  0.0495   0.250000D+03 XXXX                                                              I
  0.0501   0.246000D+03 XXXX                                                              I
  0.0506   0.237500D+03 XXXX                                                              I
  0.0512   0.219500D+03 XXX                                                               I
  0.0518   0.219500D+03 XXX                                                               I
  0.0523   0.208500D+03 XXX                                                               I
  0.0529   0.217000D+03 XXX                                                               I
  0.0535   0.195500D+03 XX                                                                I
  0.0540   0.199500D+03 XX                                                                I
  0.0546   0.161000D+03 X                                                                 I
  0.0552   0.153000D+03 X                                                                 I
  0.0557   0.185500D+03 XX                                                                I
  0.0563   0.165000D+03 X                                                                 I
  0.0569   0.148500D+03 X                                                                 I
  0.0574   0.147500D+03 X                                                                 I
1
   1100          Energy distr: x=log10(1-s1/s)                                                   
           nent            sum           bmin           bmax
         100000   -0.58604E+07    0.20300E+03    0.96200E+03
           undf           ovef           avex
    0.58610E+04    0.00000E+00   -0.58604E+02
 -6.0000   0.216000D+03 XX                                                                I
 -5.9000   0.203000D+03 X                                                                 I
 -5.8000   0.238000D+03 XXXX                                                              I
 -5.7000   0.243000D+03 XXXX                                                              I
 -5.6000   0.239000D+03 XXXX                                                              I
 -5.5000   0.268000D+03 XXXXXX                                                            I
 -5.4000   0.301000D+03 XXXXXXXXX                                                         I
 -5.3000   0.307000D+03 XXXXXXXXXX                                                        I
 -5.2000   0.313000D+03 XXXXXXXXXX                                                        I
 -5.1000   0.301000D+03 XXXXXXXXX                                                         I
 -5.0000   0.314000D+03 XXXXXXXXXX                                                        I
 -4.9000   0.341000D+03 XXXXXXXXXXXXX                                                     I
 -4.8000   0.369000D+03 XXXXXXXXXXXXXXX                                                   I
 -4.7000   0.354000D+03 XXXXXXXXXXXXXX                                                    I
 -4.6000   0.364000D+03 XXXXXXXXXXXXXXX                                                   I
 -4.5000   0.434000D+03 XXXXXXXXXXXXXXXXXXXXX                                             I
 -4.4000   0.410000D+03 XXXXXXXXXXXXXXXXXXX                                               I
 -4.3000   0.484000D+03 XXXXXXXXXXXXXXXXXXXXXXXXX                                         I
 -4.2000   0.470000D+03 XXXXXXXXXXXXXXXXXXXXXXXX                                          I
 -4.1000   0.491000D+03 XXXXXXXXXXXXXXXXXXXXXXXXXX                                        I
 -4.0000   0.474000D+03 XXXXXXXXXXXXXXXXXXXXXXXX                                          I
 -3.9000   0.442000D+03 XXXXXXXXXXXXXXXXXXXXX                                             I
 -3.8000   0.482000D+03 XXXXXXXXXXXXXXXXXXXXXXXXX                                         I
 -3.7000   0.465000D+03 XXXXXXXXXXXXXXXXXXXXXXX                                           I
 -3.6000   0.484000D+03 XXXXXXXXXXXXXXXXXXXXXXXXX                                         I
 -3.5000   0.518000D+03 XXXXXXXXXXXXXXXXXXXXXXXXXXXX                                      I
 -3.4000   0.520000D+03 XXXXXXXXXXXXXXXXXXXXXXXXXXXX                                      I
 -3.3000   0.553000D+03 XXXXXXXXXXXXXXXXXXXXXXXXXXXXXXX                                   I
 -3.2000   0.479000D+03 XXXXXXXXXXXXXXXXXXXXXXXXX                                         I
 -3.1000   0.564000D+03 XXXXXXXXXXXXXXXXXXXXXXXXXXXXXXXX                                  I
 -3.0000   0.599000D+03 XXXXXXXXXXXXXXXXXXXXXXXXXXXXXXXXXXX                               I
 -2.9000   0.565000D+03 XXXXXXXXXXXXXXXXXXXXXXXXXXXXXXXX                                  I
 -2.8000   0.637000D+03 XXXXXXXXXXXXXXXXXXXXXXXXXXXXXXXXXXXXXX                            I
 -2.7000   0.615000D+03 XXXXXXXXXXXXXXXXXXXXXXXXXXXXXXXXXXXX                              I
 -2.6000   0.640000D+03 XXXXXXXXXXXXXXXXXXXXXXXXXXXXXXXXXXXXXXX                           I
 -2.5000   0.654000D+03 XXXXXXXXXXXXXXXXXXXXXXXXXXXXXXXXXXXXXXXX                          I
 -2.4000   0.680000D+03 XXXXXXXXXXXXXXXXXXXXXXXXXXXXXXXXXXXXXXXXXX                        I
 -2.3000   0.688000D+03 XXXXXXXXXXXXXXXXXXXXXXXXXXXXXXXXXXXXXXXXXXX                       I
 -2.2000   0.696000D+03 XXXXXXXXXXXXXXXXXXXXXXXXXXXXXXXXXXXXXXXXXXX                       I
 -2.1000   0.758000D+03 XXXXXXXXXXXXXXXXXXXXXXXXXXXXXXXXXXXXXXXXXXXXXXXXX                 I
 -2.0000   0.749000D+03 XXXXXXXXXXXXXXXXXXXXXXXXXXXXXXXXXXXXXXXXXXXXXXXX                  I
 -1.9000   0.769000D+03 XXXXXXXXXXXXXXXXXXXXXXXXXXXXXXXXXXXXXXXXXXXXXXXXXX                I
 -1.8000   0.844000D+03 XXXXXXXXXXXXXXXXXXXXXXXXXXXXXXXXXXXXXXXXXXXXXXXXXXXXXXXX          I
 -1.7000   0.839000D+03 XXXXXXXXXXXXXXXXXXXXXXXXXXXXXXXXXXXXXXXXXXXXXXXXXXXXXXXX          I
 -1.6000   0.912000D+03 XXXXXXXXXXXXXXXXXXXXXXXXXXXXXXXXXXXXXXXXXXXXXXXXXXXXXXXXXXXXXX    I
 -1.5000   0.875000D+03 XXXXXXXXXXXXXXXXXXXXXXXXXXXXXXXXXXXXXXXXXXXXXXXXXXXXXXXXXXX       I
 -1.4000   0.884000D+03 XXXXXXXXXXXXXXXXXXXXXXXXXXXXXXXXXXXXXXXXXXXXXXXXXXXXXXXXXXXX      I
 -1.3000   0.950000D+03 XXXXXXXXXXXXXXXXXXXXXXXXXXXXXXXXXXXXXXXXXXXXXXXXXXXXXXXXXXXXXXXXX I
 -1.2000   0.897000D+03 XXXXXXXXXXXXXXXXXXXXXXXXXXXXXXXXXXXXXXXXXXXXXXXXXXXXXXXXXXXXX     I
 -1.1000   0.962000D+03 XXXXXXXXXXXXXXXXXXXXXXXXXXXXXXXXXXXXXXXXXXXXXXXXXXXXXXXXXXXXXXXXXXX
 -1.0000   0.906000D+03 XXXXXXXXXXXXXXXXXXXXXXXXXXXXXXXXXXXXXXXXXXXXXXXXXXXXXXXXXXXXXX    I
 -0.9000   0.912000D+03 XXXXXXXXXXXXXXXXXXXXXXXXXXXXXXXXXXXXXXXXXXXXXXXXXXXXXXXXXXXXXX    I
 -0.8000   0.908000D+03 XXXXXXXXXXXXXXXXXXXXXXXXXXXXXXXXXXXXXXXXXXXXXXXXXXXXXXXXXXXXXX    I
 -0.7000   0.880000D+03 XXXXXXXXXXXXXXXXXXXXXXXXXXXXXXXXXXXXXXXXXXXXXXXXXXXXXXXXXXX       I
 -0.6000   0.855000D+03 XXXXXXXXXXXXXXXXXXXXXXXXXXXXXXXXXXXXXXXXXXXXXXXXXXXXXXXXX         I
 -0.5000   0.778000D+03 XXXXXXXXXXXXXXXXXXXXXXXXXXXXXXXXXXXXXXXXXXXXXXXXXXX               I
 -0.4000   0.651000D+03 XXXXXXXXXXXXXXXXXXXXXXXXXXXXXXXXXXXXXXX                           I
 -0.3000   0.477000D+03 XXXXXXXXXXXXXXXXXXXXXXXX                                          I
 -0.2000   0.329000D+03 XXXXXXXXXXX                                                       I
 -0.1000   0.252000D+03 XXXXX                                                             I
 |||||||||||||||||||||||||||||||||||||||||||||||||||
 Xsec_BARE1 =    169.19520371 Nanob.
 error      =      0.67481969 Nanob.
 Xsec_CALO2 =    136.21881786 Nanob.
 error      =      0.64151939 Nanob.
 |||||||||||||||||||||||||||||||||||||||||||||||||||
